{
  "RSpec": {
    "coverage": {
      "/Users/techoverco-mac/turing/2module/projects/Book-Club/config/environment.rb": [
        null,
        1,
        null,
        null,
        1
      ],
      "/Users/techoverco-mac/turing/2module/projects/Book-Club/config/application.rb": [
        1,
        null,
        1,
        null,
        1,
        1,
        1,
        1,
        1,
        1,
        1,
        1,
        null,
        null,
        null,
        null,
        1,
        null,
        1,
        1,
        null,
        1,
        null,
        null,
        null,
        null,
        null,
        null,
        1,
        null,
        null
      ],
      "/Users/techoverco-mac/turing/2module/projects/Book-Club/config/boot.rb": [
        1,
        null,
        1
      ],
      "/Users/techoverco-mac/turing/2module/projects/Book-Club/config/environments/test.rb": [
        1,
        null,
        null,
        null,
        null,
        null,
        null,
        1,
        null,
        null,
        null,
        null,
        1,
        null,
        null,
        1,
        1,
        null,
        null,
        null,
        null,
        1,
        1,
        null,
        null,
        1,
        null,
        null,
        1,
        1,
        null,
        null,
        null,
        null,
        1,
        null,
        null,
        1,
        null,
        null,
        null,
        null
      ],
      "/Users/techoverco-mac/turing/2module/projects/Book-Club/config/initializers/application_controller_renderer.rb": [
        null,
        null,
        null,
        null,
        null,
        null,
        null,
        null
      ],
      "/Users/techoverco-mac/turing/2module/projects/Book-Club/config/initializers/assets.rb": [
        null,
        null,
        null,
        1,
        null,
        null,
        null,
        null,
        1,
        null,
        null,
        null,
        null,
        null
      ],
      "/Users/techoverco-mac/turing/2module/projects/Book-Club/config/initializers/backtrace_silencers.rb": [
        null,
        null,
        null,
        null,
        null,
        null,
        null
      ],
      "/Users/techoverco-mac/turing/2module/projects/Book-Club/config/initializers/cookies_serializer.rb": [
        null,
        null,
        null,
        null,
        1
      ],
      "/Users/techoverco-mac/turing/2module/projects/Book-Club/config/initializers/filter_parameter_logging.rb": [
        null,
        null,
        null,
        1
      ],
      "/Users/techoverco-mac/turing/2module/projects/Book-Club/config/initializers/inflections.rb": [
        null,
        null,
        null,
        null,
        null,
        null,
        null,
        null,
        null,
        null,
        null,
        null,
        null,
        null,
        null,
        null
      ],
      "/Users/techoverco-mac/turing/2module/projects/Book-Club/config/initializers/mime_types.rb": [
        null,
        null,
        null,
        null
      ],
      "/Users/techoverco-mac/turing/2module/projects/Book-Club/config/initializers/wrap_parameters.rb": [
        null,
        null,
        null,
        null,
        null,
        null,
        1,
        2,
        null,
        null,
        null,
        null,
        null,
        null
      ],
      "/Users/techoverco-mac/turing/2module/projects/Book-Club/config/routes.rb": [
        1,
        null,
        null,
        1,
        null,
        1,
        null,
        1,
      ],
      "/Users/techoverco-mac/turing/2module/projects/Book-Club/spec/features/book/index_spec.rb": [
        1,
        null,
        1,
        1,
        2,
        2,
        2,
        2,
        2,
        2,
        2,
        2,
        2,
        null,
        null,
        1,
        1,
        null,
        1,
        1,
        1,
        1,
        1,
        null,
        null,
        1,
        1,
        1,
        1,
        1,
        null,
        null,
        1,
        1,
        1,
        1,
        1,
        null,
        null,
        null,
        1,
        1,
        null,
        1,
        1,
        null,
        null,
        1,
        1,
        null,
        null,
        1,
        1,
        null,
        null,
        null
      ],
      "/Users/techoverco-mac/turing/2module/projects/Book-Club/spec/features/book/show_spec.rb": [
        1,
        null,
        null,
        1,
        1,
        1,
        1,
        1,
        1,
        1,
        1,
        1,
        1,
        1,
        1,
        null,
        null,
        1,
        1,
        null,
        1,
        1,
        1,
        1,
        1,
        null,
        null,
        1,
        1,
        1,
        1,
        1,
        null,
        null,
        1,
        1,
        1,
        1,
        1,
        null,
        null,
        1,
        1,
        1,
        1,
        1,
        null,
        null,
        null
      ],
      "/Users/techoverco-mac/turing/2module/projects/Book-Club/spec/features/nav_bar_spec.rb": [
        1,
        1,
        null,
        1,
        null,
        1,
        1,
        null,
        1,
        1,
        null,
        1,
        null,
        null,
        null,
        null,
        1,
        null,
        1,
        null,
        1,
        1,
        null,
        1,
        null,
        null,
        null
      ],
      "/Users/techoverco-mac/turing/2module/projects/Book-Club/spec/models/author_book_spec.rb": [
        1,
        null,
        1,
        1,
        2,
        2,
        null,
        null
      ],
      "/Users/techoverco-mac/turing/2module/projects/Book-Club/app/models/author_book.rb": [
        1,
        1,
        1,
        null
      ],
      "/Users/techoverco-mac/turing/2module/projects/Book-Club/app/models/application_record.rb": [
        1,
        1,
        null
      ],
      "/Users/techoverco-mac/turing/2module/projects/Book-Club/spec/models/author_spec.rb": [
        1,
        null,
        1,
      ],
      "/Users/techoverco-mac/turing/2module/projects/Book-Club/app/models/author.rb": [
        1,
        1,
        1,
        null
      ],
      "/Users/techoverco-mac/turing/2module/projects/Book-Club/spec/models/book_spec.rb": [
        1,
        null,
        1,
        1,
        2,
        2,
        2,
        null,
        null,
        1,
        2,
        2,
        2,
        2,
        null,
        null,
        1,
        7,
        7,
        7,
        7,
        7,
        7,
        7,
        7,
        null,
        null
      ],
      "/Users/techoverco-mac/turing/2module/projects/Book-Club/app/models/book.rb": [
        1,
        1,
        1,
        1,
        null,
        1,
        null,
        null,
        null,
        null,
        null
      ],
      "/Users/techoverco-mac/turing/2module/projects/Book-Club/spec/models/reviews_spec.rb": [
        1,
        null,
        1,
        1,
        2,
        null,
        null,
        1,
        2,
        2,
        2,
        null,
        null
      ],
      "/Users/techoverco-mac/turing/2module/projects/Book-Club/app/models/review.rb": [
        1,
        null,
        1,
        null,
        1,
        null
      ],
      "/Users/techoverco-mac/turing/2module/projects/Book-Club/spec/models/user_spec.rb": [
        1,
        null,
        1,
        1,
        2,
        null,
        null,
        1,
        2,
        null,
        null
      ],
      "/Users/techoverco-mac/turing/2module/projects/Book-Club/app/models/user.rb": [
        1,
        null,
        1,
        null,
        1,
        null,
        null
      ],
      "/Users/techoverco-mac/turing/2module/projects/Book-Club/app/controllers/authors_controller.rb": [
        1,
        null,
        1,
        2,
        null,
        null
      ],
      "/Users/techoverco-mac/turing/2module/projects/Book-Club/app/controllers/application_controller.rb": [
        1,
        1,
        null
      ],
      "/Users/techoverco-mac/turing/2module/projects/Book-Club/app/controllers/books_controller.rb": [
        1,
        null,
        1,
        4,
        null,
        null,
        1,
        1,
        null,
        null
      ],
      "/Users/techoverco-mac/turing/2module/projects/Book-Club/app/controllers/welcome_controller.rb": [
        1,
        null,
        null,
        null,
        null
      ]
}
